#
# A fatal error has been detected by the Java Runtime Environment:
#
#  Internal Error (classFileParser.cpp:3161), pid=5588, tid=5008
#  Error: ShouldNotReachHere()
#
# JRE version: 6.0_21-b07
# Java VM: Java HotSpot(TM) Client VM (17.0-b17 mixed mode windows-x86 )
# If you would like to submit a bug report, please visit:
#   http://java.sun.com/webapps/bugreport/crash.jsp
#

---------------  T H R E A D  ---------------

Current thread (0x003b9c00):  JavaThread "Unknown thread" [_thread_in_vm, id=5008, stack(0x00350000,0x003a0000)]

Stack: [0x00350000,0x003a0000],  sp=0x0039f880,  free space=13e0039f890k
Native frames: (J=compiled Java code, j=interpreted, Vv=VM code, C=native code)
V  [jvm.dll+0x1fd090]
V  [jvm.dll+0xa47c9]
V  [jvm.dll+0x75f01]
V  [jvm.dll+0x775a4]
V  [jvm.dll+0x1cbcb5]
V  [jvm.dll+0x1cc3ed]
V  [jvm.dll+0x1cc7a5]
V  [jvm.dll+0x1cc7eb]
V  [jvm.dll+0x1cc912]
V  [jvm.dll+0x1cc98a]
V  [jvm.dll+0x1cce3d]
V  [jvm.dll+0x1cd252]
V  [jvm.dll+0x1eceb3]
V  [jvm.dll+0x1ed28c]
V  [jvm.dll+0xdb721]
V  [jvm.dll+0x1e6618]
V  [jvm.dll+0x1065d0]
C  [javaw.exe+0x1657]
C  [javaw.exe+0x1e2c]
C  [javaw.exe+0x8614]
C  [kernel32.dll+0x51194]
C  [ntdll.dll+0x5b495]
C  [ntdll.dll+0x5b468]


---------------  P R O C E S S  ---------------

Java Threads: ( => current thread )

Other Threads:

=>0x003b9c00 (exited) JavaThread "Unknown thread" [_thread_in_vm, id=5008, stack(0x00350000,0x003a0000)]

VM state:not at safepoint (not fully initialized)

VM Mutex/Monitor currently owned by a thread: None

Dynamic libraries:
0x00400000 - 0x00424000 	C:\Program Files\Java\jre6\bin\javaw.exe
0x777b0000 - 0x778ec000 	C:\Windows\SYSTEM32\ntdll.dll
0x76400000 - 0x764d4000 	C:\Windows\system32\kernel32.dll
0x75bb0000 - 0x75bfa000 	C:\Windows\system32\KERNELBASE.dll
0x76960000 - 0x76a00000 	C:\Windows\system32\ADVAPI32.dll
0x75e00000 - 0x75eac000 	C:\Windows\system32\msvcrt.dll
0x77970000 - 0x77989000 	C:\Windows\SYSTEM32\sechost.dll
0x761f0000 - 0x76291000 	C:\Windows\system32\RPCRT4.dll
0x76610000 - 0x766d9000 	C:\Windows\system32\USER32.dll
0x77990000 - 0x779de000 	C:\Windows\system32\GDI32.dll
0x77930000 - 0x7793a000 	C:\Windows\system32\LPK.dll
0x764e0000 - 0x7657d000 	C:\Windows\system32\USP10.dll
0x77940000 - 0x7795f000 	C:\Windows\system32\IMM32.DLL
0x76a00000 - 0x76acc000 	C:\Windows\system32\MSCTF.dll
0x7c340000 - 0x7c396000 	C:\Program Files\Java\jre6\bin\msvcr71.dll
0x6d800000 - 0x6daa7000 	C:\Program Files\Java\jre6\bin\client\jvm.dll
0x6ee30000 - 0x6ee62000 	C:\Windows\system32\WINMM.dll
0x75800000 - 0x7584b000 	C:\Windows\system32\apphelp.dll
0x6d7b0000 - 0x6d7bc000 	C:\Program Files\Java\jre6\bin\verify.dll
0x6d330000 - 0x6d34f000 	C:\Program Files\Java\jre6\bin\java.dll
0x6d290000 - 0x6d298000 	C:\Program Files\Java\jre6\bin\hpi.dll
0x77960000 - 0x77965000 	C:\Windows\system32\PSAPI.DLL
0x6d7f0000 - 0x6d7ff000 	C:\Program Files\Java\jre6\bin\zip.dll

VM Arguments:
jvm_args: -Dfile.encoding=Cp1252 -Xbootclasspath:C:\Android\android-sdk-windows\platforms\android-8\android.jar;C:\Android\android-sdk-windows\add-ons\addon_google_apis_google_inc_8\libs\maps.jar 
java_command: org.me.PontoColeta
Launcher Type: SUN_STANDARD

Environment Variables:
JAVA_HOME=C:\Program Files\Java\jdk1.6.0_17
CLASSPATH=.;C:\PROGRA~1\IBM\SQLLIB\java\db2java.zip;C:\PROGRA~1\IBM\SQLLIB\java\db2jcc.jar;C:\PROGRA~1\IBM\SQLLIB\java\sqlj.zip;C:\PROGRA~1\IBM\SQLLIB\java\db2jcc_license_cu.jar;C:\PROGRA~1\IBM\SQLLIB\bin;C:\PROGRA~1\IBM\SQLLIB\java\common.jar
PATH=C:/Program Files/Java/jre6/bin/client;C:/Program Files/Java/jre6/bin;C:\oraclexe\app\oracle\product\10.2.0\server\bin;C:\PROGRA~1\Borland\CBUILD~1\Bin;C:\PROGRA~1\Borland\CBUILD~1\Projects\Bpl;C:\Program Files\CodeGear\RAD Studio\6.0\bin;C:\Users\Public\Documents\RAD Studio\6.0\Bpl;C:\Windows\system32;C:\Windows;C:\Windows\System32\Wbem;C:\Windows\System32\WindowsPowerShell\v1.0\;;C:\grails-1.2.1\bin;C:\Program Files\Java\jdk1.6.0_17\bin;C:\Program Files\Microsoft SQL Server\90\Tools\binn\;C:\Program Files\Apache Software Foundation\Tomcat 6.0\bin;C:\Program Files\Microsoft SQL Server\80\Tools\Binn\;C:\Android\android-sdk-windows\tools;C:\PROGRA~1\IBM\SQLLIB\BIN;C:\PROGRA~1\IBM\SQLLIB\FUNCTION;C:\PROGRA~1\IBM\SQLLIB\SAMPLES\REPL;C:\Program Files\MySQL\MySQL Server 5.5\bin;C:\grails-1.2.1\bin;C:\Users\Public\Documents\RAD Studio\6.0\BPL
USERNAME=Albuquerque
OS=Windows_NT
PROCESSOR_IDENTIFIER=x86 Family 6 Model 15 Stepping 13, GenuineIntel



---------------  S Y S T E M  ---------------

OS: Windows 7 Build 7600 

CPU:total 2 (2 cores per cpu, 1 threads per core) family 6 model 15 stepping 13, cmov, cx8, fxsr, mmx, sse, sse2, sse3, ssse3

Memory: 4k page, physical 2087352k(845364k free), swap 4174704k(2206884k free)

vm_info: Java HotSpot(TM) Client VM (17.0-b17) for windows-x86 JRE (1.6.0_21-b07), built on Jul 17 2010 01:10:15 by "java_re" with MS VC++ 7.1 (VS2003)

time: Sun Nov 28 15:29:26 2010
elapsed time: 0 seconds

